c:\users\yaser\desktop\fawcett assignments\project2\codeanalyzer\debug\vc140.pdb
c:\users\yaser\desktop\fawcett assignments\project2\codeanalyzer\debug\vc140.idb
c:\users\yaser\desktop\fawcett assignments\project2\codeanalyzer\debug\abstrsyntree.obj
c:\users\yaser\desktop\fawcett assignments\project2\codeanalyzer\debug\actionsandrules.obj
c:\users\yaser\desktop\fawcett assignments\project2\codeanalyzer\debug\configureparser.obj
c:\users\yaser\desktop\fawcett assignments\project2\codeanalyzer\debug\executive.obj
c:\users\yaser\desktop\fawcett assignments\project2\codeanalyzer\debug\filemgr.obj
c:\users\yaser\desktop\fawcett assignments\project2\codeanalyzer\debug\filesystem.obj
c:\users\yaser\desktop\fawcett assignments\project2\codeanalyzer\debug\grammarhelpers.obj
c:\users\yaser\desktop\fawcett assignments\project2\codeanalyzer\debug\logger.obj
c:\users\yaser\desktop\fawcett assignments\project2\codeanalyzer\debug\parser.obj
c:\users\yaser\desktop\fawcett assignments\project2\codeanalyzer\debug\scopestack.obj
c:\users\yaser\desktop\fawcett assignments\project2\codeanalyzer\debug\semiexp.obj
c:\users\yaser\desktop\fawcett assignments\project2\codeanalyzer\debug\tokenizer.obj
c:\users\yaser\desktop\fawcett assignments\project2\codeanalyzer\debug\utilities.obj
c:\users\yaser\desktop\fawcett assignments\project2\debug\codeanalyzer.ilk
c:\users\yaser\desktop\fawcett assignments\project2\debug\codeanalyzer.exe
c:\users\yaser\desktop\fawcett assignments\project2\debug\codeanalyzer.pdb
c:\users\yaser\desktop\fawcett assignments\project2\codeanalyzer\debug\codeanalyzer.vcxprojresolveassemblyreference.cache
c:\users\yaser\desktop\fawcett assignments\project2\codeanalyzer\debug\codeanalyzer.tlog\cl.command.1.tlog
c:\users\yaser\desktop\fawcett assignments\project2\codeanalyzer\debug\codeanalyzer.tlog\cl.read.1.tlog
c:\users\yaser\desktop\fawcett assignments\project2\codeanalyzer\debug\codeanalyzer.tlog\cl.write.1.tlog
c:\users\yaser\desktop\fawcett assignments\project2\codeanalyzer\debug\codeanalyzer.tlog\link.command.1.tlog
c:\users\yaser\desktop\fawcett assignments\project2\codeanalyzer\debug\codeanalyzer.tlog\link.read.1.tlog
c:\users\yaser\desktop\fawcett assignments\project2\codeanalyzer\debug\codeanalyzer.tlog\link.write.1.tlog
